SF:lib/core/services/logger_service.dart
DA:19,1
DA:20,1
DA:24,1
DA:25,2
DA:26,1
DA:27,3
DA:28,2
DA:29,1
DA:34,1
DA:35,1
DA:36,1
DA:48,1
DA:49,1
DA:54,1
DA:56,2
DA:59,1
DA:61,2
DA:64,1
DA:66,2
DA:69,1
DA:71,2
DA:74,1
DA:76,2
DA:79,1
DA:81,2
DA:89,1
DA:91,1
DA:94,1
DA:95,4
DA:104,1
DA:106,2
DA:109,1
DA:118,1
DA:120,0
DA:122,0
DA:125,0
DA:127,0
DA:130,1
DA:132,2
DA:135,0
DA:137,0
DA:140,1
DA:142,2
DA:145,1
DA:147,2
DA:153,2
DA:155,1
DA:157,1
DA:159,1
DA:162,1
DA:164,1
DA:166,1
DA:169,1
DA:172,3
LF:54
LH:48
end_of_record
SF:lib/core/services/database_service.dart
DA:27,1
DA:29,0
DA:32,0
DA:33,0
DA:34,0
DA:36,0
DA:37,0
DA:38,0
DA:46,1
DA:50,3
DA:51,3
DA:52,3
DA:53,3
DA:55,2
DA:57,0
DA:58,0
DA:59,0
DA:67,1
DA:70,2
DA:71,2
DA:72,2
DA:73,3
DA:76,3
DA:77,1
DA:78,2
DA:86,1
DA:89,2
DA:90,3
DA:91,2
DA:92,3
DA:95,0
DA:96,0
DA:97,0
DA:105,1
DA:109,2
DA:110,1
DA:112,2
DA:113,2
DA:114,3
DA:116,0
DA:117,0
DA:118,0
DA:126,1
DA:128,2
DA:131,0
DA:133,0
DA:134,0
DA:135,0
DA:136,0
DA:142,0
DA:145,0
DA:146,0
DA:149,0
DA:151,0
DA:152,0
DA:153,0
DA:155,0
DA:157,0
DA:158,0
DA:159,0
LF:60
LH:28
end_of_record
SF:lib/core/errors/app_exception.dart
DA:6,6
DA:9,9
DA:11,0
DA:13,0
DA:22,0
DA:23,0
DA:25,0
DA:27,0
DA:36,2
DA:37,2
DA:39,0
DA:41,0
DA:50,0
DA:51,0
DA:53,0
DA:55,0
DA:63,0
DA:64,0
DA:66,0
DA:68,0
DA:77,4
DA:78,4
DA:80,3
DA:82,18
DA:91,1
DA:92,1
DA:94,0
DA:96,0
DA:105,0
DA:106,0
DA:108,0
DA:110,0
LF:32
LH:10
end_of_record
SF:lib/shared/models/habit.dart
DA:70,0
DA:73,0
DA:74,0
DA:78,1
DA:94,1
DA:95,1
DA:96,1
DA:99,0
DA:115,0
DA:116,0
DA:118,0
DA:119,0
DA:121,0
DA:122,0
DA:124,0
DA:125,0
DA:130,0
DA:131,0
DA:132,0
DA:134,0
DA:137,0
DA:139,0
DA:141,0
DA:142,0
DA:143,0
DA:147,0
DA:148,0
DA:149,0
DA:150,0
DA:153,0
DA:154,0
DA:158,0
DA:159,0
DA:160,0
DA:161,0
DA:163,0
DA:171,0
DA:173,0
DA:176,0
DA:177,0
DA:178,0
LF:41
LH:4
end_of_record
SF:lib/shared/models/habit.g.dart
DA:13,0
DA:15,0
DA:16,0
DA:17,0
DA:19,0
DA:20,0
DA:21,0
DA:22,0
DA:23,0
DA:24,0
DA:25,0
DA:26,0
DA:27,0
DA:28,0
DA:29,0
DA:30,0
DA:31,0
DA:32,0
DA:33,0
DA:34,0
DA:38,0
DA:41,0
DA:42,0
DA:43,0
DA:44,0
DA:45,0
DA:46,0
DA:47,0
DA:48,0
DA:49,0
DA:50,0
DA:51,0
DA:52,0
DA:53,0
DA:54,0
DA:55,0
DA:56,0
DA:57,0
DA:58,0
DA:59,0
DA:60,0
DA:61,0
DA:62,0
DA:63,0
DA:64,0
DA:65,0
DA:66,0
DA:67,0
DA:68,0
DA:69,0
DA:72,0
DA:73,0
DA:75,0
DA:78,0
DA:79,0
DA:80,0
LF:56
LH:0
end_of_record
SF:lib/shared/models/goal_type_adapter.dart
DA:8,0
DA:10,0
DA:13,0
DA:15,0
DA:18,0
DA:19,0
DA:21,0
DA:24,0
DA:25,0
DA:26,0
LF:10
LH:0
end_of_record
SF:lib/shared/models/cycle_type_adapter.dart
DA:9,0
DA:11,0
DA:14,0
DA:16,0
LF:4
LH:0
end_of_record
SF:lib/shared/models/duration_adapter.dart
DA:7,0
DA:9,0
DA:10,0
DA:13,0
DA:15,0
LF:5
LH:0
end_of_record
SF:lib/shared/utils/logger.dart
DA:5,0
DA:8,0
DA:9,0
DA:12,0
DA:14,0
DA:16,0
DA:17,0
DA:30,0
DA:31,0
DA:35,0
DA:36,0
DA:40,0
DA:41,0
DA:45,0
DA:46,0
DA:50,0
DA:51,0
DA:55,0
DA:56,0
DA:61,0
LF:20
LH:0
end_of_record
SF:lib/core/services/shared_preferences_service.dart
DA:27,1
DA:29,1
DA:31,1
DA:33,2
DA:34,1
DA:35,2
DA:37,0
DA:38,0
DA:43,1
DA:45,1
DA:47,2
DA:48,3
DA:51,0
DA:56,1
DA:58,1
DA:60,2
DA:61,3
DA:64,0
DA:69,1
DA:71,1
DA:73,2
DA:74,3
DA:77,0
DA:82,1
DA:84,1
DA:86,2
DA:87,3
DA:90,0
DA:95,1
DA:97,1
DA:99,2
DA:100,3
DA:103,0
DA:108,1
DA:110,1
DA:112,2
DA:113,3
DA:116,0
DA:121,1
DA:123,1
DA:125,2
DA:126,3
DA:129,0
DA:134,1
DA:136,1
DA:138,2
DA:139,3
DA:142,0
DA:147,1
DA:149,1
DA:151,2
DA:152,3
DA:155,0
DA:160,1
DA:162,1
DA:164,2
DA:165,2
DA:168,0
DA:173,1
DA:174,1
DA:175,0
DA:179,1
DA:180,1
DA:181,1
LF:64
LH:51
end_of_record
SF:lib/shared/models/habit_entity.dart
DA:64,3
DA:67,5
DA:85,1
DA:97,1
DA:107,1
DA:108,1
DA:109,1
DA:114,1
DA:130,1
DA:131,1
DA:132,1
DA:133,1
DA:134,1
DA:135,1
DA:136,1
DA:137,1
DA:138,1
DA:139,0
DA:140,1
DA:141,1
DA:142,1
DA:143,1
DA:144,1
DA:149,1
DA:150,4
DA:151,2
DA:152,3
DA:155,2
DA:156,2
DA:158,1
DA:160,1
DA:161,1
DA:165,1
DA:166,2
DA:168,4
DA:170,1
DA:172,2
DA:179,1
DA:180,1
DA:181,4
DA:182,2
DA:183,3
DA:187,1
DA:188,4
DA:191,3
DA:192,4
DA:193,1
DA:194,2
DA:196,2
DA:205,0
DA:207,0
DA:210,0
DA:211,0
DA:212,0
DA:219,1
DA:220,3
DA:223,3
DA:224,1
DA:228,1
DA:229,4
DA:233,0
DA:234,0
DA:239,0
DA:240,0
DA:241,0
DA:242,0
DA:244,0
DA:249,0
DA:251,0
DA:252,0
DA:253,0
DA:255,0
DA:256,0
DA:257,0
DA:267,0
DA:269,0
DA:272,4
DA:276,1
DA:277,3
DA:278,3
DA:279,3
DA:282,1
DA:284,8
LF:83
LH:61
end_of_record
SF:lib/features/habit/data/repositories/hive_habit_repository.dart
DA:11,1
DA:13,1
DA:16,3
DA:17,4
DA:20,2
DA:21,1
DA:22,2
DA:30,1
DA:33,2
DA:35,3
DA:39,3
DA:42,0
DA:44,0
DA:45,0
DA:46,0
DA:54,1
DA:57,3
DA:58,4
DA:60,0
DA:62,0
DA:63,0
DA:64,0
DA:72,1
DA:76,3
DA:77,1
DA:81,1
DA:85,3
DA:86,4
DA:88,1
DA:90,0
DA:91,0
DA:92,0
DA:100,1
DA:104,2
DA:105,1
DA:113,2
DA:114,3
DA:116,1
DA:118,0
DA:119,0
DA:120,0
LF:41
LH:27
end_of_record
SF:lib/features/statistics/presentation/widgets/calendar_view_widget.dart
DA:18,1
DA:26,1
DA:29,3
DA:30,4
DA:31,1
DA:32,1
DA:33,3
DA:36,2
DA:39,4
DA:40,1
DA:44,2
DA:49,0
DA:51,1
DA:52,0
DA:55,2
DA:56,0
DA:58,0
DA:59,0
DA:61,0
DA:62,0
DA:63,0
DA:65,0
DA:67,0
DA:68,0
DA:69,0
DA:70,0
DA:73,0
DA:74,0
DA:75,0
DA:82,0
DA:83,0
DA:86,0
DA:90,0
DA:91,0
DA:92,0
DA:95,0
DA:97,0
DA:98,0
DA:100,0
DA:101,0
DA:102,0
DA:103,0
DA:104,0
DA:110,0
DA:111,0
DA:113,0
DA:115,0
DA:117,0
DA:119,0
DA:122,0
DA:123,0
DA:124,0
DA:125,0
DA:126,0
DA:131,0
DA:132,0
DA:135,0
DA:137,0
DA:138,0
DA:139,0
DA:140,0
DA:141,0
DA:142,0
DA:145,0
DA:147,0
DA:148,0
DA:155,0
DA:156,0
DA:157,0
DA:158,0
DA:159,0
DA:160,0
DA:162,0
DA:163,0
DA:165,0
DA:166,0
DA:168,0
DA:169,0
DA:170,0
DA:171,0
DA:172,0
DA:173,0
DA:174,0
DA:175,0
DA:178,0
DA:179,0
DA:180,0
LF:87
LH:13
end_of_record
SF:lib/core/state/theme_provider.dart
DA:14,0
DA:17,0
DA:18,0
DA:19,0
DA:23,0
DA:26,0
DA:27,0
DA:31,0
DA:33,0
DA:34,0
DA:35,0
DA:39,0
DA:40,0
DA:42,0
DA:43,0
DA:45,0
DA:46,0
DA:49,0
DA:53,0
DA:54,0
DA:56,0
DA:60,0
DA:61,0
DA:64,0
DA:65,0
DA:68,0
DA:71,0
DA:76,0
DA:77,0
DA:81,0
DA:82,0
DA:83,0
DA:84,0
DA:85,0
DA:90,0
DA:91,0
DA:92,0
DA:93,0
DA:94,0
DA:95,0
DA:100,0
DA:102,0
DA:105,0
DA:107,0
DA:108,0
DA:111,0
DA:112,0
DA:120,0
DA:121,0
DA:122,0
DA:128,0
DA:131,0
DA:134,0
DA:138,0
DA:139,0
DA:140,0
DA:141,0
DA:142,0
DA:143,0
DA:144,0
DA:145,0
DA:147,0
LF:62
LH:0
end_of_record
SF:lib/shared/models/theme_model.dart
DA:39,0
DA:54,0
DA:55,0
DA:56,0
DA:58,0
DA:59,0
DA:62,0
DA:63,0
DA:71,0
DA:74,0
DA:76,0
DA:77,0
DA:80,0
DA:81,0
DA:92,0
DA:94,0
DA:95,0
DA:98,0
DA:99,0
DA:107,0
DA:110,0
DA:112,0
DA:113,0
DA:116,0
DA:117,0
DA:128,0
DA:130,0
DA:131,0
DA:134,0
DA:135,0
DA:143,0
DA:146,0
DA:148,0
DA:149,0
DA:152,0
DA:153,0
DA:164,0
DA:166,0
DA:167,0
DA:170,0
DA:171,0
DA:179,0
DA:182,0
DA:184,0
DA:185,0
DA:188,0
DA:189,0
LF:47
LH:0
end_of_record
SF:lib/shared/utils/theme_helper.dart
DA:11,0
DA:12,0
DA:16,0
DA:17,0
DA:21,0
DA:22,0
DA:26,0
DA:27,0
DA:31,0
DA:32,0
DA:36,0
DA:37,0
DA:41,0
DA:42,0
DA:46,0
DA:47,0
DA:51,0
DA:52,0
DA:56,0
DA:57,0
DA:61,0
DA:62,0
DA:66,0
DA:67,0
DA:71,0
DA:72,0
DA:76,0
DA:77,0
DA:81,0
DA:82,0
DA:86,0
DA:87,0
DA:91,0
DA:92,0
DA:95,0
DA:96,0
DA:99,0
DA:100,0
DA:104,0
DA:105,0
DA:108,0
DA:109,0
DA:112,0
DA:113,0
DA:117,0
DA:118,0
DA:121,0
DA:122,0
DA:125,0
DA:126,0
DA:130,0
DA:131,0
DA:134,0
DA:135,0
DA:138,0
DA:139,0
DA:143,0
DA:154,0
DA:156,0
DA:158,0
DA:168,0
DA:174,0
DA:175,0
DA:176,0
DA:183,0
DA:189,0
DA:190,0
DA:191,0
DA:192,0
DA:200,0
DA:204,0
DA:205,0
DA:211,0
DA:212,0
DA:213,0
DA:215,0
DA:216,0
DA:217,0
DA:223,0
DA:224,0
DA:225,0
DA:226,0
DA:227,0
DA:230,0
DA:231,0
DA:235,0
DA:236,0
DA:237,0
DA:238,0
DA:239,0
DA:240,0
DA:243,0
DA:244,0
DA:247,0
DA:248,0
DA:249,0
DA:250,0
DA:253,0
DA:260,0
DA:265,0
DA:279,0
DA:284,0
DA:285,0
DA:286,0
DA:289,0
DA:290,0
DA:291,0
DA:292,0
DA:294,0
DA:296,0
DA:303,0
DA:304,0
DA:305,0
DA:306,0
DA:310,0
DA:313,0
DA:317,0
DA:318,0
DA:319,0
DA:320,0
DA:322,0
DA:325,0
DA:328,0
DA:331,0
DA:337,0
DA:346,0
DA:355,0
DA:356,0
DA:357,0
DA:359,0
DA:362,0
DA:366,0
DA:368,0
DA:369,0
DA:370,0
DA:371,0
DA:372,0
DA:376,0
DA:377,0
DA:387,0
DA:394,0
DA:396,0
DA:399,0
DA:400,0
DA:406,0
DA:407,0
DA:417,0
DA:418,0
DA:419,0
DA:421,0
DA:422,0
DA:428,0
DA:435,0
DA:442,0
DA:448,0
DA:449,0
DA:450,0
DA:451,0
DA:453,0
DA:454,0
DA:455,0
DA:457,0
DA:458,0
DA:465,0
DA:467,0
DA:468,0
DA:469,0
DA:470,0
DA:471,0
DA:474,0
DA:475,0
DA:482,0
DA:484,0
DA:485,0
DA:486,0
DA:492,0
DA:495,0
DA:496,0
DA:497,0
DA:498,0
DA:499,0
DA:500,0
DA:502,0
DA:512,0
DA:516,0
DA:518,0
DA:519,0
DA:520,0
DA:521,0
DA:522,0
DA:523,0
DA:524,0
DA:525,0
DA:526,0
DA:535,0
DA:539,0
DA:540,0
DA:541,0
DA:542,0
DA:546,0
DA:553,0
DA:559,0
DA:561,0
DA:573,0
DA:577,0
DA:579,0
DA:580,0
DA:586,0
DA:589,0
DA:590,0
DA:591,0
DA:594,0
DA:595,0
DA:597,0
DA:605,0
DA:606,0
DA:610,0
DA:611,0
DA:615,0
DA:616,0
LF:220
LH:0
end_of_record
SF:lib/features/habit/domain/use_cases/add_habit_use_case.dart
DA:11,1
DA:15,1
DA:17,1
DA:20,1
DA:23,2
DA:26,5
DA:30,1
DA:31,3
DA:32,0
DA:33,0
DA:41,3
DA:42,0
DA:43,0
LF:13
LH:9
end_of_record
SF:lib/core/errors/error_handler.dart
DA:14,0
DA:16,0
DA:19,0
DA:27,0
DA:29,0
DA:31,0
DA:32,0
DA:43,0
DA:45,0
DA:47,0
DA:48,0
DA:59,0
DA:61,0
DA:63,0
DA:64,0
DA:75,0
DA:76,0
DA:78,0
DA:81,0
DA:82,0
DA:85,0
DA:86,0
DA:87,0
DA:88,0
DA:92,0
DA:93,0
DA:97,0
DA:98,0
DA:99,0
DA:101,0
DA:106,0
DA:107,0
DA:109,0
DA:112,0
DA:114,0
DA:115,0
DA:120,0
DA:121,0
DA:127,0
DA:132,0
DA:135,0
DA:139,0
DA:140,0
DA:145,0
DA:146,0
DA:149,0
DA:150,0
DA:153,0
DA:154,0
DA:158,0
LF:50
LH:0
end_of_record
SF:lib/features/habit/domain/use_cases/base_use_case.dart
DA:10,4
DA:13,4
DA:15,16
DA:16,4
DA:17,8
DA:20,16
DA:21,8
DA:24,4
DA:29,4
DA:30,8
DA:32,8
DA:43,2
DA:45,1
DA:46,1
LF:14
LH:14
end_of_record
SF:lib/features/habit/domain/use_cases/delete_habit_use_case.dart
DA:10,1
DA:14,1
DA:16,1
DA:19,1
DA:22,2
DA:24,0
DA:33,0
DA:36,0
DA:39,0
DA:43,1
DA:44,1
DA:45,0
DA:54,2
DA:55,0
LF:14
LH:8
end_of_record
SF:lib/features/habit/domain/use_cases/update_habit_use_case.dart
DA:11,1
DA:15,1
DA:17,1
DA:20,1
DA:23,3
DA:25,0
DA:29,0
DA:34,0
DA:37,0
DA:41,1
DA:42,2
DA:43,0
DA:51,3
DA:52,0
DA:60,3
DA:61,0
LF:16
LH:9
end_of_record
SF:lib/features/habit/domain/use_cases/get_habits_use_case.dart
DA:10,1
DA:14,1
DA:16,1
DA:19,2
LF:4
LH:4
end_of_record
SF:lib/shared/widgets/primary_button.dart
DA:23,1
DA:39,1
DA:41,1
DA:43,1
DA:44,2
DA:45,2
DA:47,0
DA:48,1
DA:53,0
DA:54,0
DA:55,0
DA:58,0
DA:59,0
DA:60,0
DA:61,0
DA:62,0
DA:63,0
DA:64,0
DA:65,0
DA:66,0
DA:67,0
DA:68,0
DA:69,0
DA:70,0
DA:71,0
DA:73,0
DA:74,0
DA:75,0
LF:28
LH:7
end_of_record
SF:lib/shared/widgets/app_card.dart
DA:20,1
DA:35,1
DA:37,1
DA:39,1
DA:40,1
DA:41,1
DA:42,0
DA:43,0
DA:46,0
DA:47,0
DA:48,0
DA:49,0
DA:50,0
DA:51,0
DA:52,0
DA:53,0
DA:54,0
DA:55,0
DA:57,0
DA:60,0
DA:61,0
DA:62,0
DA:63,0
DA:64,0
DA:65,0
LF:25
LH:6
end_of_record
SF:lib/features/habit/presentation/providers/habit_provider.dart
DA:22,0
DA:34,0
DA:35,0
DA:36,0
DA:38,0
DA:39,0
DA:40,0
DA:41,0
DA:44,0
DA:45,0
DA:46,0
DA:48,0
DA:49,0
DA:51,0
DA:52,0
DA:56,0
DA:57,0
DA:58,0
DA:59,0
DA:62,0
DA:63,0
DA:65,0
DA:66,0
DA:68,0
DA:69,0
DA:71,0
DA:72,0
DA:76,0
DA:77,0
DA:78,0
DA:79,0
DA:82,0
DA:83,0
DA:85,0
DA:86,0
DA:87,0
DA:88,0
DA:90,0
DA:91,0
DA:94,0
DA:95,0
DA:97,0
DA:98,0
DA:102,0
DA:103,0
DA:104,0
DA:105,0
DA:108,0
DA:109,0
DA:111,0
DA:112,0
DA:114,0
DA:115,0
DA:117,0
DA:118,0
DA:122,0
DA:123,0
DA:124,0
DA:125,0
DA:128,0
DA:132,0
DA:133,0
DA:134,0
DA:137,0
DA:138,0
DA:139,0
DA:140,0
DA:141,0
DA:146,0
DA:149,0
DA:152,0
DA:155,0
DA:158,0
DA:159,0
DA:160,0
DA:161,0
DA:164,0
DA:166,0
DA:167,0
DA:169,0
DA:170,0
LF:81
LH:0
end_of_record
SF:lib/shared/widgets/base_button.dart
DA:27,0
DA:48,0
DA:50,0
DA:52,0
DA:54,0
DA:55,0
DA:57,0
DA:58,0
DA:60,0
DA:63,0
DA:64,0
DA:65,0
DA:66,0
DA:67,0
DA:68,0
DA:69,0
DA:70,0
DA:71,0
DA:73,0
DA:75,0
DA:77,0
DA:78,0
DA:79,0
DA:81,0
DA:82,0
DA:83,0
DA:85,0
DA:86,0
DA:89,0
DA:90,0
DA:91,0
DA:92,0
DA:93,0
DA:94,0
DA:95,0
DA:98,0
DA:101,0
DA:102,0
DA:103,0
DA:104,0
DA:106,0
DA:107,0
DA:113,0
DA:114,0
DA:115,0
LF:45
LH:0
end_of_record
