SF:lib/core/di/injection_container.dart
DA:17,12
DA:19,1
DA:21,4
DA:22,4
DA:25,1
DA:28,1
DA:32,1
DA:36,1
DA:38,2
DA:41,3
DA:42,3
DA:43,3
DA:44,3
DA:47,2
DA:48,3
DA:51,6
DA:54,1
DA:56,6
DA:57,6
DA:58,6
DA:59,6
DA:62,1
LF:22
LH:22
end_of_record
SF:lib/shared/models/habit.dart
DA:62,13
DA:76,13
DA:77,13
DA:79,2
DA:80,8
DA:81,4
DA:86,4
DA:87,4
DA:89,4
DA:90,6
DA:94,0
DA:95,0
DA:96,0
DA:97,0
DA:100,3
DA:101,12
DA:105,8
DA:106,8
DA:107,2
DA:108,4
DA:110,4
DA:118,0
DA:120,0
DA:123,0
DA:124,0
DA:125,0
LF:26
LH:17
end_of_record
SF:lib/shared/models/habit.g.dart
DA:13,0
DA:15,0
DA:16,0
DA:17,0
DA:19,0
DA:20,0
DA:21,0
DA:22,0
DA:23,0
DA:24,0
DA:25,0
DA:26,0
DA:27,0
DA:28,0
DA:29,0
DA:30,0
DA:31,0
DA:32,0
DA:36,0
DA:39,0
DA:40,0
DA:41,0
DA:42,0
DA:43,0
DA:44,0
DA:45,0
DA:46,0
DA:47,0
DA:48,0
DA:49,0
DA:50,0
DA:51,0
DA:52,0
DA:53,0
DA:54,0
DA:55,0
DA:56,0
DA:57,0
DA:58,0
DA:59,0
DA:60,0
DA:61,0
DA:62,0
DA:63,0
DA:66,0
DA:67,0
DA:69,0
DA:72,0
DA:73,0
DA:74,0
LF:50
LH:0
end_of_record
SF:lib/features/habit/data/repositories/hive_habit_repository.dart
DA:9,1
DA:11,0
DA:14,0
DA:15,0
DA:18,0
DA:23,0
DA:26,0
DA:28,0
DA:32,0
DA:37,0
DA:40,0
DA:41,0
DA:43,0
DA:48,0
DA:51,0
DA:52,0
DA:54,0
DA:59,0
DA:62,0
DA:63,0
DA:65,0
LF:21
LH:1
end_of_record
SF:lib/features/habit/domain/use_cases/get_habits_use_case.dart
DA:8,2
DA:10,1
DA:12,2
DA:13,2
DA:14,4
DA:17,0
LF:6
LH:5
end_of_record
SF:lib/features/habit/domain/use_cases/add_habit_use_case.dart
DA:8,2
DA:10,1
DA:12,4
DA:13,2
DA:14,4
DA:16,4
LF:6
LH:6
end_of_record
SF:lib/features/habit/domain/use_cases/update_habit_use_case.dart
DA:8,2
DA:10,1
DA:12,4
DA:13,2
DA:14,4
DA:16,4
LF:6
LH:6
end_of_record
SF:lib/features/habit/domain/use_cases/delete_habit_use_case.dart
DA:7,2
DA:9,1
DA:11,3
DA:12,2
DA:13,3
DA:15,3
LF:6
LH:6
end_of_record
SF:lib/core/state/state_manager.dart
DA:8,6
DA:11,2
DA:14,4
DA:22,2
DA:23,2
DA:24,2
DA:27,1
DA:28,1
DA:29,1
DA:30,1
DA:33,2
DA:34,2
DA:36,0
DA:37,0
DA:39,1
DA:40,1
DA:45,0
DA:51,0
DA:56,0
LF:19
LH:14
end_of_record
SF:lib/shared/utils/logger.dart
DA:5,15
DA:8,5
DA:9,5
DA:12,5
DA:14,10
DA:16,5
DA:17,5
DA:30,0
DA:31,0
DA:35,4
DA:36,8
DA:40,3
DA:41,6
DA:45,0
DA:46,0
DA:50,3
DA:51,6
DA:55,0
DA:56,0
DA:61,15
LF:20
LH:14
end_of_record
SF:lib/shared/models/goal_type_adapter.dart
DA:8,0
DA:10,0
DA:13,0
DA:15,0
DA:18,0
DA:19,0
DA:21,0
DA:24,0
DA:25,0
DA:26,0
LF:10
LH:0
end_of_record
SF:lib/shared/models/cycle_type_adapter.dart
DA:9,0
DA:11,0
DA:14,0
DA:16,0
LF:4
LH:0
end_of_record
SF:lib/shared/models/duration_adapter.dart
DA:7,0
DA:9,0
DA:10,0
DA:13,0
DA:15,0
LF:5
LH:0
end_of_record
SF:lib/shared/services/habit_statistics_service.dart
DA:7,1
DA:8,1
DA:9,4
DA:10,1
DA:12,1
DA:13,1
DA:16,1
DA:19,1
DA:25,2
DA:26,1
DA:29,3
DA:30,2
DA:32,2
DA:33,0
DA:37,1
DA:39,1
DA:40,3
DA:45,1
DA:46,1
DA:47,5
DA:48,1
DA:49,7
DA:52,3
DA:53,2
DA:54,7
DA:61,1
DA:62,1
DA:63,3
DA:64,4
DA:66,1
DA:67,1
DA:70,1
DA:73,1
DA:79,2
DA:80,1
DA:83,3
DA:84,2
DA:86,2
DA:87,0
DA:91,1
DA:93,1
DA:94,3
DA:99,1
DA:100,1
DA:101,5
DA:102,1
DA:103,1
DA:106,3
DA:107,2
DA:108,7
DA:115,1
DA:121,2
DA:123,3
DA:126,3
DA:127,4
DA:128,2
DA:129,2
DA:131,1
DA:134,0
DA:136,0
DA:137,0
DA:143,0
DA:144,0
DA:145,0
DA:150,0
DA:151,0
DA:152,0
DA:153,0
DA:155,0
DA:160,0
DA:161,0
DA:164,0
DA:165,0
DA:167,0
DA:169,0
DA:172,0
DA:173,0
DA:174,0
DA:175,0
DA:177,0
DA:182,1
DA:183,1
DA:186,1
DA:187,1
DA:191,1
DA:196,2
DA:197,2
DA:199,2
DA:201,2
DA:203,1
DA:211,1
DA:212,1
DA:213,2
DA:214,2
DA:215,3
DA:216,2
DA:218,1
DA:219,2
DA:221,2
DA:222,1
DA:223,3
DA:224,2
DA:225,2
DA:229,2
DA:235,1
DA:236,1
DA:237,2
DA:238,3
DA:239,2
DA:241,1
DA:242,2
DA:244,2
DA:245,1
DA:246,3
DA:247,2
DA:248,2
DA:252,2
LF:117
LH:93
end_of_record
SF:lib/core/routing/app_router.dart
DA:10,0
DA:11,0
DA:12,0
DA:14,0
DA:15,0
DA:16,0
DA:17,0
DA:18,0
DA:19,0
LF:9
LH:0
end_of_record
SF:lib/navigation/main_tab_page.dart
DA:7,4
DA:9,0
DA:10,0
DA:16,0
DA:17,0
DA:18,0
DA:19,0
DA:23,0
DA:24,0
DA:25,0
DA:29,0
DA:31,0
DA:32,0
DA:33,0
DA:48,0
DA:50,0
LF:16
LH:1
end_of_record
SF:lib/features/habit/presentation/routes/habit_routes.dart
DA:14,2
DA:15,1
DA:17,0
DA:19,1
DA:21,0
DA:23,1
DA:25,0
DA:26,0
DA:27,0
DA:30,1
DA:32,0
DA:33,0
DA:34,0
LF:13
LH:5
end_of_record
SF:lib/features/statistics/presentation/routes/statistics_routes.dart
DA:12,2
DA:13,1
DA:15,0
DA:17,1
DA:19,0
DA:21,1
DA:23,0
DA:25,1
DA:27,0
DA:28,0
DA:29,0
DA:30,0
DA:31,0
LF:13
LH:5
end_of_record
SF:lib/features/profile/presentation/routes/profile_routes.dart
DA:10,2
DA:11,1
DA:13,0
DA:15,1
DA:17,0
DA:19,1
DA:21,0
LF:7
LH:4
end_of_record
SF:lib/features/focus/presentation/routes/focus_routes.dart
DA:11,2
DA:12,1
DA:14,0
DA:15,0
DA:16,0
LF:5
LH:2
end_of_record
SF:lib/features/habit/presentation/providers/habit_provider.dart
DA:12,2
DA:13,2
DA:14,2
DA:16,1
DA:17,1
DA:18,1
DA:19,1
DA:22,3
DA:24,2
DA:26,1
DA:27,1
DA:31,1
DA:32,1
DA:33,1
DA:34,1
DA:37,2
DA:39,2
DA:41,0
DA:43,1
DA:44,1
DA:48,1
DA:49,1
DA:50,1
DA:51,1
DA:54,2
DA:56,6
DA:57,2
DA:58,2
DA:61,0
DA:63,1
DA:64,1
DA:68,0
DA:69,0
DA:70,0
DA:71,0
DA:74,0
DA:76,0
DA:78,0
DA:80,0
DA:81,0
DA:85,0
DA:86,0
DA:87,0
DA:88,0
DA:92,0
DA:94,0
DA:95,0
DA:96,0
DA:97,0
DA:98,0
DA:99,0
DA:100,0
DA:101,0
DA:102,0
DA:103,0
DA:104,0
DA:105,0
DA:106,0
DA:109,0
DA:111,0
DA:113,0
DA:114,0
DA:115,0
DA:118,0
DA:120,0
DA:121,0
LF:66
LH:29
end_of_record
SF:lib/features/statistics/presentation/pages/statistics_page.dart
DA:13,1
DA:17,0
DA:22,1
DA:23,1
DA:24,1
DA:27,2
DA:30,1
DA:32,1
DA:33,2
DA:41,1
DA:43,1
DA:44,1
DA:46,1
DA:47,1
DA:50,2
DA:54,1
DA:55,1
DA:56,1
DA:59,5
DA:60,0
DA:61,0
DA:66,1
DA:69,2
DA:70,7
DA:71,3
DA:72,1
DA:75,1
DA:85,1
DA:86,3
DA:87,3
DA:88,3
DA:91,1
DA:92,1
DA:94,1
DA:96,1
DA:97,1
DA:98,0
DA:100,1
DA:101,1
DA:102,2
DA:103,2
DA:104,0
DA:108,1
DA:109,0
DA:111,1
DA:112,1
DA:113,2
DA:114,0
DA:115,1
DA:123,1
DA:125,1
DA:126,1
DA:127,0
DA:129,1
DA:130,1
DA:131,2
DA:132,2
DA:133,0
DA:137,1
DA:138,0
DA:140,1
DA:141,1
DA:142,2
DA:143,0
DA:144,1
DA:148,1
DA:149,0
DA:151,1
DA:152,1
DA:153,2
DA:154,0
DA:155,1
DA:163,1
DA:165,1
DA:166,1
DA:167,0
DA:168,0
DA:169,0
DA:171,0
DA:172,0
DA:174,0
DA:175,0
DA:181,1
DA:182,2
DA:183,0
DA:184,3
DA:187,1
DA:188,0
DA:189,0
DA:190,0
DA:192,0
DA:193,0
DA:195,0
DA:196,0
DA:206,1
DA:207,2
DA:208,1
DA:210,1
DA:211,1
DA:212,1
DA:213,1
DA:215,0
DA:230,0
DA:236,0
DA:237,0
DA:239,0
DA:241,0
DA:242,0
DA:243,0
DA:245,0
DA:246,0
DA:247,0
DA:248,0
DA:249,0
DA:253,0
DA:254,0
DA:256,0
DA:257,0
DA:258,0
DA:259,0
DA:260,0
DA:268,0
DA:269,0
DA:270,0
DA:272,0
DA:273,0
DA:276,0
DA:278,0
DA:279,0
LF:129
LH:73
end_of_record
SF:lib/features/statistics/presentation/providers/statistics_provider.dart
DA:14,2
DA:15,2
DA:16,2
DA:17,2
DA:18,2
DA:19,2
DA:22,1
DA:23,1
DA:24,1
DA:27,1
DA:28,1
DA:29,1
DA:32,1
DA:33,1
DA:34,1
DA:37,1
DA:38,1
DA:39,1
DA:42,1
DA:43,1
DA:44,1
DA:47,1
DA:48,5
DA:49,4
DA:50,1
DA:55,1
DA:56,3
DA:57,1
DA:61,1
DA:62,2
DA:65,3
DA:66,1
DA:69,3
DA:73,1
DA:74,1
DA:75,2
DA:80,3
DA:81,4
DA:83,5
DA:84,1
DA:87,1
DA:88,2
DA:91,1
DA:94,1
DA:95,4
LF:45
LH:45
end_of_record
SF:lib/features/statistics/presentation/widgets/statistics_chart_widget.dart
DA:11,2
DA:17,1
DA:18,1
DA:29,2
DA:38,2
DA:40,4
DA:45,2
DA:55,2
DA:63,2
DA:64,8
DA:65,4
DA:66,4
DA:67,4
DA:68,6
DA:69,2
DA:70,2
DA:74,2
DA:77,2
DA:78,2
DA:79,2
DA:80,8
DA:81,4
DA:82,10
DA:83,2
DA:84,4
DA:85,2
DA:86,4
DA:90,2
DA:91,2
DA:96,2
DA:97,8
DA:98,4
DA:99,10
DA:100,2
DA:101,4
DA:105,2
DA:106,2
DA:111,2
DA:112,2
DA:113,8
DA:114,6
DA:115,4
DA:116,4
DA:120,2
DA:121,2
DA:123,6
DA:124,2
DA:126,2
DA:127,2
DA:128,2
DA:130,2
DA:132,4
DA:136,2
DA:140,2
DA:141,2
DA:142,2
DA:143,2
DA:144,2
DA:146,4
DA:147,4
DA:148,8
DA:152,2
DA:153,2
DA:155,2
DA:156,2
DA:159,2
DA:160,2
DA:161,2
DA:167,2
DA:169,2
DA:171,2
DA:172,6
DA:179,2
DA:183,2
DA:184,2
DA:185,2
DA:186,2
DA:187,2
DA:189,4
DA:190,4
DA:191,8
DA:195,2
DA:196,2
DA:198,2
DA:199,2
DA:202,2
DA:203,2
DA:204,2
DA:210,2
DA:212,2
DA:214,2
DA:215,6
DA:228,2
DA:229,2
DA:230,6
DA:231,6
DA:232,2
DA:233,2
DA:234,0
DA:237,2
DA:239,2
DA:240,2
DA:244,2
DA:246,4
DA:249,9
DA:255,2
DA:264,2
DA:265,2
DA:266,2
DA:267,6
DA:269,4
DA:272,4
DA:274,14
DA:275,8
DA:277,2
DA:279,4
DA:280,3
DA:283,2
DA:284,4
DA:286,2
DA:288,3
DA:289,4
DA:292,1
DA:293,1
DA:298,2
DA:301,1
DA:304,2
DA:305,1
DA:308,1
DA:309,1
DA:313,1
DA:316,3
DA:317,4
DA:318,2
DA:319,3
DA:320,1
DA:324,1
DA:328,3
DA:329,1
DA:330,2
DA:331,2
DA:335,1
DA:339,0
DA:340,0
DA:342,0
DA:345,0
DA:346,0
DA:347,0
DA:348,0
DA:349,0
DA:350,0
DA:353,0
DA:357,0
DA:358,0
DA:359,0
DA:360,0
DA:361,0
DA:363,0
DA:367,6
DA:374,1
DA:376,2
DA:377,2
DA:379,1
DA:380,2
DA:381,1
DA:382,3
DA:386,1
DA:387,1
DA:388,1
DA:389,2
DA:390,2
DA:391,4
DA:394,2
DA:395,2
DA:396,6
DA:398,4
DA:399,2
DA:401,4
DA:402,14
DA:403,8
DA:405,2
DA:408,3
DA:409,4
DA:412,1
DA:413,1
DA:418,2
DA:421,2
DA:422,1
DA:423,2
DA:427,0
DA:428,0
LF:191
LH:172
end_of_record
SF:lib/features/statistics/presentation/widgets/calendar_view_widget.dart
DA:10,1
DA:18,1
DA:21,3
DA:22,4
DA:23,1
DA:26,3
DA:27,1
DA:31,3
DA:36,1
DA:38,1
DA:39,1
DA:45,1
DA:46,1
DA:48,1
DA:49,1
DA:50,1
DA:52,1
DA:53,1
DA:54,2
DA:56,3
DA:61,1
DA:62,1
DA:64,3
DA:65,4
DA:66,2
DA:69,1
DA:70,4
DA:71,2
DA:72,2
DA:73,3
DA:74,1
DA:79,1
DA:80,1
DA:82,2
DA:84,1
DA:86,1
DA:88,1
DA:90,1
DA:91,1
DA:92,1
DA:93,1
DA:95,2
DA:100,1
DA:101,1
DA:102,1
DA:103,1
DA:105,1
DA:106,2
DA:109,1
DA:110,1
DA:111,1
DA:112,5
DA:113,1
DA:114,1
DA:115,1
DA:116,1
DA:117,1
DA:120,1
DA:121,5
DA:122,0
DA:123,3
DA:124,1
LF:62
LH:61
end_of_record
SF:lib/features/statistics/presentation/widgets/timeline_view_widget.dart
DA:11,1
DA:19,1
DA:22,3
DA:23,4
DA:26,1
DA:28,2
DA:29,3
DA:32,3
DA:34,6
DA:35,2
DA:36,1
DA:37,2
DA:38,1
DA:50,5
DA:53,1
DA:54,1
DA:55,1
DA:59,1
DA:60,1
DA:62,1
DA:63,1
DA:67,1
DA:68,1
DA:73,1
DA:74,1
DA:75,1
DA:76,1
DA:77,1
DA:78,3
DA:79,3
DA:80,3
DA:81,1
DA:82,4
DA:83,1
DA:85,1
DA:87,1
DA:88,1
DA:90,1
DA:92,1
DA:94,1
DA:97,1
DA:100,1
DA:101,1
DA:102,1
DA:112,1
DA:113,1
DA:114,1
DA:115,1
DA:116,1
DA:117,1
DA:118,1
DA:120,1
DA:123,1
DA:125,1
DA:127,1
DA:128,1
DA:129,1
DA:130,1
DA:136,1
DA:138,1
DA:139,1
DA:147,1
DA:149,1
DA:150,1
DA:151,1
DA:152,1
DA:159,1
DA:161,1
LF:68
LH:68
end_of_record
SF:lib/features/statistics/presentation/pages/stats_result_page.dart
DA:14,1
DA:18,1
DA:20,1
DA:21,1
DA:29,1
DA:31,1
DA:32,2
DA:33,1
DA:37,1
DA:39,3
DA:42,2
DA:43,3
DA:46,0
DA:47,0
DA:50,0
DA:51,0
DA:54,0
DA:58,0
DA:59,0
DA:63,3
DA:68,1
DA:69,1
DA:70,3
DA:74,1
DA:75,3
DA:77,3
DA:84,1
DA:87,1
DA:88,1
DA:89,2
DA:91,2
DA:93,1
DA:95,1
DA:99,1
DA:100,4
DA:101,3
DA:102,3
DA:104,1
DA:106,1
DA:109,1
DA:111,1
DA:112,1
DA:113,1
DA:114,1
DA:121,1
DA:123,1
DA:125,2
DA:126,1
DA:128,1
DA:129,1
DA:130,1
DA:132,1
DA:133,1
DA:138,1
DA:139,1
DA:140,1
DA:143,2
DA:147,1
DA:148,4
DA:149,1
DA:150,1
DA:163,1
DA:167,1
DA:169,1
DA:175,1
DA:182,0
DA:183,0
DA:184,0
DA:187,0
DA:188,0
DA:190,0
DA:193,0
DA:194,0
DA:196,0
DA:201,0
DA:202,0
DA:203,0
DA:206,0
DA:216,1
DA:217,3
DA:220,2
DA:221,1
DA:223,1
DA:225,1
DA:226,1
DA:231,0
DA:232,0
DA:233,0
DA:234,0
DA:236,0
DA:239,0
DA:242,0
DA:243,0
DA:246,0
DA:247,0
DA:248,0
DA:252,0
DA:253,0
DA:254,0
DA:255,0
DA:257,0
DA:260,0
DA:261,0
DA:262,0
DA:263,0
DA:273,1
DA:274,1
DA:275,1
DA:276,0
DA:277,0
DA:282,1
DA:283,3
DA:286,2
DA:287,1
DA:290,2
DA:292,1
DA:293,1
DA:296,0
DA:298,0
DA:299,0
DA:301,0
DA:308,0
DA:310,0
DA:311,0
DA:318,0
DA:319,0
DA:320,0
DA:321,0
DA:323,0
DA:326,0
DA:327,0
DA:328,0
DA:330,0
DA:332,0
DA:334,0
DA:335,0
DA:337,0
DA:338,0
DA:340,0
DA:345,0
DA:346,0
DA:347,0
DA:350,0
DA:356,0
DA:357,0
DA:358,0
DA:359,0
DA:361,0
DA:364,0
DA:365,0
DA:366,0
DA:384,1
DA:388,1
DA:390,1
DA:391,1
DA:396,1
DA:399,1
DA:401,1
DA:402,1
DA:403,2
DA:404,2
LF:161
LH:85
end_of_record
SF:lib/features/focus/presentation/pages/focus_selection_page.dart
DA:9,1
DA:14,1
DA:15,1
DA:19,1
DA:22,3
DA:26,0
DA:31,0
DA:35,0
DA:42,0
DA:43,0
DA:44,0
DA:45,0
DA:46,0
DA:47,0
DA:48,0
DA:49,0
DA:52,0
DA:54,0
DA:55,0
DA:56,0
DA:57,0
DA:58,0
DA:61,0
LF:23
LH:5
end_of_record
SF:lib/features/habit/presentation/pages/habit_tracking_page.dart
DA:11,2
DA:16,2
DA:17,2
DA:37,0
DA:38,0
DA:39,0
DA:41,0
DA:42,0
DA:47,2
DA:49,2
DA:50,6
DA:53,2
DA:55,3
DA:56,2
DA:60,0
DA:61,0
DA:64,0
DA:69,1
DA:70,1
DA:72,0
DA:75,2
DA:76,2
DA:77,0
DA:78,0
DA:79,0
DA:80,0
DA:81,0
DA:82,0
DA:84,0
DA:85,0
DA:90,0
DA:91,0
DA:95,4
DA:99,0
DA:100,0
DA:101,0
DA:105,0
DA:106,0
DA:107,0
DA:111,0
DA:112,0
DA:113,0
DA:114,0
DA:115,0
DA:116,0
DA:117,0
DA:119,0
DA:120,0
DA:121,0
DA:123,0
DA:125,0
DA:127,0
DA:129,0
DA:130,0
DA:131,0
DA:133,0
DA:144,0
DA:145,0
DA:146,0
DA:147,0
DA:148,0
DA:151,0
DA:152,0
DA:154,0
DA:156,0
DA:158,0
DA:159,0
DA:161,0
DA:170,0
DA:172,0
DA:173,0
DA:174,0
DA:175,0
DA:176,0
DA:178,0
DA:180,0
DA:181,0
DA:182,0
DA:183,0
DA:185,0
DA:187,0
DA:189,0
DA:190,0
DA:191,0
DA:194,0
DA:196,0
DA:198,0
DA:199,0
DA:203,0
DA:205,0
DA:207,0
DA:209,0
DA:217,0
DA:218,0
DA:220,0
DA:221,0
DA:222,0
DA:224,0
DA:226,0
DA:227,0
DA:228,0
DA:229,0
DA:230,0
DA:231,0
DA:232,0
DA:233,0
DA:234,0
DA:237,0
DA:247,0
DA:248,0
DA:249,0
DA:250,0
DA:251,0
DA:252,0
DA:255,0
DA:256,0
DA:258,0
DA:259,0
DA:260,0
DA:263,0
DA:268,2
DA:273,4
DA:274,2
DA:275,0
DA:276,2
DA:278,2
DA:279,2
DA:280,2
DA:281,2
DA:285,2
DA:286,2
DA:288,2
DA:289,2
DA:292,2
DA:294,2
DA:295,2
DA:297,2
DA:299,2
DA:309,0
DA:316,0
DA:318,0
DA:319,0
DA:320,0
DA:321,0
DA:322,0
DA:323,0
DA:324,0
DA:327,0
DA:329,0
DA:330,0
DA:331,0
DA:332,0
DA:333,0
DA:336,0
DA:342,2
DA:344,2
DA:345,2
DA:346,2
DA:347,2
DA:349,2
DA:351,2
DA:352,2
DA:353,2
DA:355,2
DA:356,6
DA:357,6
DA:362,2
DA:363,2
DA:365,2
DA:366,7
DA:367,3
DA:368,2
DA:369,4
DA:370,4
DA:375,4
DA:377,2
DA:378,2
DA:380,2
DA:385,2
DA:386,2
DA:391,2
DA:392,2
DA:397,2
DA:402,2
DA:409,2
DA:412,2
DA:414,2
DA:419,2
DA:420,6
DA:422,2
DA:423,2
DA:425,0
DA:427,0
DA:429,0
DA:430,0
DA:432,0
DA:434,0
DA:436,0
DA:437,0
DA:439,0
DA:441,0
DA:442,0
DA:444,0
DA:446,0
DA:447,0
DA:449,0
DA:451,0
DA:452,0
DA:457,2
DA:460,2
DA:462,2
DA:463,1
DA:464,2
DA:465,1
DA:466,1
DA:469,2
DA:470,2
DA:471,2
DA:472,2
DA:476,2
DA:478,2
DA:482,1
DA:484,1
DA:485,1
DA:486,1
DA:487,2
DA:488,0
DA:489,0
DA:490,0
DA:491,0
DA:492,0
DA:494,0
DA:495,0
DA:496,0
DA:498,2
DA:499,0
DA:501,0
DA:503,1
DA:504,1
DA:506,3
DA:512,1
DA:515,1
DA:517,1
DA:518,1
DA:519,1
DA:520,1
DA:525,1
DA:526,1
DA:527,1
DA:528,1
DA:529,1
DA:531,2
DA:533,1
DA:534,1
DA:535,1
DA:536,1
DA:543,1
DA:546,1
DA:547,1
DA:548,0
DA:549,0
DA:550,0
DA:551,0
DA:552,0
LF:264
LH:109
end_of_record
SF:lib/features/habit/presentation/pages/add_habit_page.dart
DA:13,8
DA:15,0
DA:16,0
DA:30,0
DA:32,0
DA:33,0
DA:34,0
DA:35,0
DA:36,0
DA:37,0
DA:38,0
DA:39,0
DA:40,0
DA:41,0
DA:42,0
DA:46,0
DA:48,0
DA:50,0
DA:51,0
DA:52,0
DA:53,0
DA:55,0
DA:58,0
DA:60,0
DA:61,0
DA:63,0
DA:64,0
DA:65,0
DA:66,0
DA:68,0
DA:69,0
DA:73,0
DA:75,0
DA:78,0
DA:79,0
DA:80,0
DA:81,0
DA:83,0
DA:85,0
DA:86,0
DA:87,0
DA:88,0
DA:89,0
DA:90,0
DA:91,0
DA:92,0
DA:93,0
DA:95,0
DA:99,0
DA:100,0
DA:101,0
DA:103,0
DA:105,0
DA:112,0
DA:113,0
DA:117,0
DA:118,0
DA:119,0
DA:125,0
DA:128,0
DA:130,0
DA:131,0
DA:132,0
DA:134,0
DA:135,0
DA:136,0
DA:137,0
DA:138,0
DA:139,0
DA:141,0
DA:145,0
DA:146,0
DA:147,0
DA:148,0
DA:149,0
DA:151,0
DA:155,0
DA:156,0
DA:157,0
DA:158,0
DA:159,0
DA:161,0
DA:168,0
DA:170,0
DA:171,0
DA:172,0
DA:173,0
DA:175,0
DA:176,0
DA:177,0
DA:178,0
DA:179,0
DA:180,0
DA:182,0
DA:184,0
DA:185,0
DA:186,0
DA:189,0
DA:191,0
DA:192,0
DA:193,0
DA:194,0
DA:195,0
DA:196,0
DA:201,0
DA:208,0
DA:209,0
DA:213,0
DA:214,0
DA:215,0
DA:216,0
DA:222,0
DA:223,0
DA:225,0
DA:226,0
DA:227,0
DA:228,0
DA:229,0
DA:230,0
DA:232,0
DA:234,0
DA:235,0
DA:236,0
DA:239,0
DA:241,0
DA:242,0
DA:243,0
DA:244,0
DA:245,0
DA:246,0
DA:251,0
DA:258,0
DA:259,0
DA:263,0
DA:264,0
DA:265,0
DA:266,0
DA:274,0
DA:277,0
DA:278,0
DA:279,0
DA:280,0
DA:281,0
DA:285,0
DA:287,0
DA:288,0
DA:290,0
DA:292,0
DA:293,0
DA:296,0
DA:297,0
DA:299,0
DA:300,0
DA:301,0
DA:305,0
DA:307,0
DA:309,0
DA:311,0
DA:313,0
DA:314,0
DA:315,0
DA:317,0
DA:319,0
DA:320,0
DA:321,0
DA:322,0
DA:323,0
DA:324,0
DA:325,0
DA:326,0
DA:327,0
DA:328,0
DA:330,0
DA:333,0
DA:334,0
DA:335,0
DA:336,0
DA:337,0
DA:338,0
DA:339,0
DA:340,0
DA:343,0
DA:344,0
DA:345,0
DA:346,0
DA:350,0
DA:351,0
DA:352,0
DA:357,0
DA:358,0
DA:359,0
DA:364,0
LF:192
LH:1
end_of_record
SF:lib/features/habit/presentation/pages/habit_management_page.dart
DA:22,4
DA:24,0
DA:25,0
DA:36,0
DA:38,0
DA:39,0
DA:40,0
DA:41,0
DA:42,0
DA:43,0
DA:46,0
DA:48,0
DA:49,0
DA:51,0
DA:53,0
DA:54,0
DA:55,0
DA:58,0
DA:59,0
DA:65,0
DA:66,0
DA:67,0
DA:68,0
DA:74,0
DA:77,0
DA:79,0
DA:80,0
DA:82,0
DA:83,0
DA:85,0
DA:87,0
DA:90,0
DA:91,0
DA:95,0
DA:96,0
DA:98,0
DA:100,0
DA:105,0
DA:107,0
DA:109,0
DA:110,0
DA:111,0
DA:114,0
DA:115,0
DA:118,0
DA:123,0
DA:130,0
DA:131,0
DA:132,0
DA:134,0
DA:135,0
DA:139,0
DA:140,0
DA:141,0
DA:142,0
DA:146,0
DA:152,0
DA:153,0
DA:154,0
DA:157,0
DA:158,0
DA:160,0
DA:161,0
DA:167,0
DA:168,0
DA:171,0
DA:173,0
DA:174,0
DA:175,0
DA:176,0
DA:179,0
DA:181,0
DA:182,0
DA:183,0
DA:196,0
DA:198,0
DA:199,0
DA:200,0
DA:202,0
DA:204,0
DA:205,0
DA:206,0
DA:212,0
DA:214,0
DA:215,0
DA:216,0
DA:217,0
DA:219,0
DA:221,0
DA:222,0
DA:223,0
DA:228,0
DA:230,0
DA:232,0
DA:233,0
DA:235,0
DA:236,0
DA:238,0
DA:240,0
DA:242,0
DA:243,0
DA:244,0
DA:246,0
DA:248,0
DA:249,0
DA:250,0
DA:256,0
DA:257,0
DA:259,0
DA:260,0
DA:261,0
DA:264,0
DA:266,0
DA:267,0
DA:270,0
DA:274,0
DA:276,0
DA:277,0
DA:278,0
DA:280,0
DA:281,0
DA:283,0
DA:289,0
DA:290,0
DA:292,0
DA:299,0
DA:302,0
DA:304,0
DA:305,0
DA:306,0
DA:309,0
DA:315,0
DA:326,0
DA:327,0
DA:328,0
DA:329,0
DA:330,0
DA:331,0
DA:333,0
DA:334,0
DA:337,0
DA:339,0
DA:340,0
DA:342,0
DA:343,0
DA:347,0
DA:348,0
DA:349,0
DA:350,0
DA:352,0
DA:354,0
DA:356,0
DA:357,0
DA:358,0
DA:360,0
DA:362,0
DA:363,0
DA:364,0
DA:369,0
DA:374,0
DA:375,0
DA:376,0
DA:377,0
DA:378,0
DA:379,0
DA:380,0
DA:391,0
DA:392,0
DA:393,0
DA:395,0
DA:397,0
DA:398,0
DA:400,0
DA:402,0
DA:404,0
DA:406,0
DA:407,0
DA:408,0
DA:410,0
DA:411,0
DA:412,0
DA:414,0
DA:416,0
DA:418,0
DA:419,0
DA:425,0
DA:426,0
DA:430,0
DA:431,0
DA:432,0
DA:433,0
DA:434,0
DA:435,0
DA:438,0
DA:440,0
DA:441,0
DA:442,0
DA:444,0
DA:446,0
DA:447,0
DA:448,0
DA:453,0
DA:454,0
DA:456,0
DA:457,0
DA:458,0
DA:460,0
DA:461,0
DA:462,0
DA:463,0
DA:466,0
DA:468,0
DA:469,0
DA:470,0
DA:475,0
DA:476,0
DA:477,0
DA:479,0
DA:484,0
DA:485,0
DA:487,0
DA:489,0
DA:491,0
DA:492,0
DA:493,0
DA:494,0
DA:499,0
DA:500,0
DA:501,0
DA:503,0
DA:504,0
DA:505,0
DA:506,0
DA:511,0
DA:514,0
DA:515,0
DA:516,0
DA:519,0
DA:521,0
DA:525,0
DA:527,0
DA:528,0
DA:530,0
DA:531,0
DA:532,0
DA:534,0
DA:535,0
DA:536,0
DA:539,0
DA:540,0
DA:542,0
DA:543,0
DA:546,0
DA:547,0
DA:548,0
DA:549,0
DA:551,0
DA:557,0
DA:558,0
DA:559,0
DA:560,0
DA:561,0
DA:564,0
DA:565,0
DA:566,0
DA:569,0
DA:570,0
DA:573,0
DA:574,0
DA:575,0
DA:576,0
DA:578,0
DA:588,0
DA:589,0
DA:591,0
DA:592,0
DA:593,0
DA:594,0
DA:595,0
LF:279
LH:1
end_of_record
SF:lib/shared/widgets/clock_widget.dart
DA:9,2
DA:17,2
DA:18,2
DA:28,2
DA:30,2
DA:31,6
DA:34,1
DA:36,1
DA:37,5
DA:38,2
DA:39,3
DA:49,2
DA:50,6
DA:51,6
DA:52,6
DA:53,2
DA:57,0
DA:58,0
DA:62,0
DA:64,0
DA:65,0
DA:66,0
DA:67,0
DA:68,0
DA:69,0
DA:75,2
DA:76,2
DA:77,2
DA:78,2
DA:80,2
DA:82,2
DA:85,6
DA:87,2
DA:88,2
DA:89,2
DA:95,2
DA:97,2
DA:99,2
DA:101,2
DA:103,4
DA:104,0
DA:106,2
DA:111,2
DA:113,2
DA:114,2
DA:115,4
DA:123,2
DA:124,4
DA:125,2
DA:127,2
DA:140,2
DA:142,2
LF:52
LH:42
end_of_record
SF:lib/features/profile/presentation/pages/profile_page.dart
DA:11,5
DA:13,1
DA:14,1
DA:28,0
DA:30,0
DA:31,0
DA:34,0
DA:35,0
DA:36,0
DA:37,0
DA:38,0
DA:39,0
DA:40,0
DA:41,0
DA:42,0
DA:46,0
DA:47,0
DA:48,0
DA:49,0
DA:50,0
DA:51,0
DA:52,0
DA:53,0
DA:56,0
DA:57,0
DA:58,0
DA:60,0
DA:61,0
DA:63,0
DA:67,0
DA:69,0
DA:70,0
DA:71,0
DA:72,0
DA:74,0
DA:76,0
DA:77,0
DA:78,0
DA:79,0
DA:80,0
DA:82,0
DA:83,0
DA:85,0
DA:91,0
DA:92,0
DA:94,0
DA:97,0
DA:98,0
DA:106,0
DA:109,0
DA:110,0
DA:111,0
DA:112,0
DA:113,0
DA:115,0
DA:121,0
DA:123,0
DA:124,0
DA:125,0
DA:127,0
DA:129,0
DA:131,0
DA:132,0
DA:133,0
DA:134,0
DA:135,0
DA:136,0
DA:138,0
DA:140,0
DA:141,0
DA:142,0
DA:143,0
DA:147,0
DA:155,0
DA:157,0
DA:158,0
DA:159,0
DA:160,0
DA:162,0
DA:163,0
DA:164,0
DA:166,0
DA:168,0
DA:170,0
DA:171,0
DA:172,0
DA:173,0
DA:174,0
DA:175,0
DA:177,0
DA:179,0
DA:180,0
DA:181,0
DA:182,0
DA:186,0
DA:195,0
DA:197,0
DA:198,0
DA:208,0
DA:212,0
DA:213,0
DA:215,0
DA:218,0
DA:219,0
DA:221,0
DA:223,0
DA:225,0
DA:228,0
DA:230,0
DA:235,0
DA:236,0
DA:239,0
LF:112
LH:3
end_of_record
SF:lib/shared/services/notification_service.dart
DA:16,0
DA:17,0
DA:20,0
DA:23,0
DA:24,0
DA:25,0
DA:47,0
DA:49,0
DA:50,0
DA:51,0
DA:56,0
DA:62,0
DA:65,0
DA:66,0
DA:71,0
DA:72,0
DA:76,0
DA:82,0
DA:90,0
DA:100,0
DA:102,0
DA:107,0
DA:115,0
DA:120,0
DA:129,0
DA:138,0
DA:140,0
DA:145,0
DA:146,0
DA:159,0
DA:164,0
DA:165,0
DA:169,0
DA:171,0
DA:173,0
DA:178,0
DA:179,0
DA:181,0
DA:184,0
DA:185,0
DA:186,0
DA:191,0
DA:192,0
DA:199,0
DA:200,0
DA:201,0
DA:202,0
DA:205,0
DA:207,0
DA:212,0
DA:218,0
DA:220,0
DA:221,0
DA:225,0
DA:226,0
DA:229,0
DA:232,0
DA:237,0
DA:239,0
DA:240,0
DA:248,0
DA:253,0
DA:255,0
DA:256,0
DA:264,0
LF:65
LH:0
end_of_record
